{"D:\\Projects\\nodejs-2026q1-knowledge-hub-o\\test\\endpoints.ts": {"path":"D:\\Projects\\nodejs-2026q1-knowledge-hub-o\\test\\endpoints.ts","statementMap":{"0":{"start":{"line":1,"column":13},"end":{"line":7,"column":2}},"1":{"start":{"line":3,"column":23},"end":{"line":3,"column":40}},"2":{"start":{"line":5,"column":22},"end":{"line":5,"column":39}},"3":{"start":{"line":6,"column":22},"end":{"line":6,"column":39}},"4":{"start":{"line":9,"column":13},"end":{"line":15,"column":2}},"5":{"start":{"line":11,"column":27},"end":{"line":11,"column":52}},"6":{"start":{"line":13,"column":26},"end":{"line":13,"column":51}},"7":{"start":{"line":14,"column":26},"end":{"line":14,"column":51}},"8":{"start":{"line":17,"column":13},"end":{"line":23,"column":2}},"9":{"start":{"line":19,"column":26},"end":{"line":19,"column":49}},"10":{"start":{"line":21,"column":25},"end":{"line":21,"column":48}},"11":{"start":{"line":22,"column":25},"end":{"line":22,"column":48}},"12":{"start":{"line":25,"column":13},"end":{"line":30,"column":2}},"13":{"start":{"line":26,"column":31},"end":{"line":26,"column":64}},"14":{"start":{"line":27,"column":26},"end":{"line":27,"column":49}},"15":{"start":{"line":29,"column":25},"end":{"line":29,"column":48}},"16":{"start":{"line":32,"column":13},"end":{"line":36,"column":2}}},"fnMap":{"0":{"name":"(anonymous_0)","decl":{"start":{"line":3,"column":11},"end":{"line":3,"column":12}},"loc":{"start":{"line":3,"column":23},"end":{"line":3,"column":40}}},"1":{"name":"(anonymous_1)","decl":{"start":{"line":5,"column":10},"end":{"line":5,"column":11}},"loc":{"start":{"line":5,"column":22},"end":{"line":5,"column":39}}},"2":{"name":"(anonymous_2)","decl":{"start":{"line":6,"column":10},"end":{"line":6,"column":11}},"loc":{"start":{"line":6,"column":22},"end":{"line":6,"column":39}}},"3":{"name":"(anonymous_3)","decl":{"start":{"line":11,"column":11},"end":{"line":11,"column":12}},"loc":{"start":{"line":11,"column":27},"end":{"line":11,"column":52}}},"4":{"name":"(anonymous_4)","decl":{"start":{"line":13,"column":10},"end":{"line":13,"column":11}},"loc":{"start":{"line":13,"column":26},"end":{"line":13,"column":51}}},"5":{"name":"(anonymous_5)","decl":{"start":{"line":14,"column":10},"end":{"line":14,"column":11}},"loc":{"start":{"line":14,"column":26},"end":{"line":14,"column":51}}},"6":{"name":"(anonymous_6)","decl":{"start":{"line":19,"column":11},"end":{"line":19,"column":12}},"loc":{"start":{"line":19,"column":26},"end":{"line":19,"column":49}}},"7":{"name":"(anonymous_7)","decl":{"start":{"line":21,"column":10},"end":{"line":21,"column":11}},"loc":{"start":{"line":21,"column":25},"end":{"line":21,"column":48}}},"8":{"name":"(anonymous_8)","decl":{"start":{"line":22,"column":10},"end":{"line":22,"column":11}},"loc":{"start":{"line":22,"column":25},"end":{"line":22,"column":48}}},"9":{"name":"(anonymous_9)","decl":{"start":{"line":26,"column":16},"end":{"line":26,"column":17}},"loc":{"start":{"line":26,"column":31},"end":{"line":26,"column":64}}},"10":{"name":"(anonymous_10)","decl":{"start":{"line":27,"column":11},"end":{"line":27,"column":12}},"loc":{"start":{"line":27,"column":26},"end":{"line":27,"column":49}}},"11":{"name":"(anonymous_11)","decl":{"start":{"line":29,"column":10},"end":{"line":29,"column":11}},"loc":{"start":{"line":29,"column":25},"end":{"line":29,"column":48}}}},"branchMap":{},"s":{"0":13,"1":3,"2":4,"3":3,"4":13,"5":3,"6":3,"7":3,"8":13,"9":3,"10":3,"11":3,"12":13,"13":1,"14":1,"15":1,"16":13},"f":{"0":3,"1":4,"2":3,"3":3,"4":3,"5":3,"6":3,"7":3,"8":3,"9":1,"10":1,"11":1},"b":{}}
,"D:\\Projects\\nodejs-2026q1-knowledge-hub-o\\test\\lib\\index.ts": {"path":"D:\\Projects\\nodejs-2026q1-knowledge-hub-o\\test\\lib\\index.ts","statementMap":{"0":{"start":{"line":1,"column":0},"end":{"line":1,"column":7}},"1":{"start":{"line":3,"column":9},"end":{"line":1,"column":32}}},"fnMap":{},"branchMap":{},"s":{"0":8,"1":8},"f":{},"b":{}}
,"D:\\Projects\\nodejs-2026q1-knowledge-hub-o\\test\\lib\\request.ts": {"path":"D:\\Projects\\nodejs-2026q1-knowledge-hub-o\\test\\lib\\request.ts","statementMap":{"0":{"start":{"line":1,"column":0},"end":{"line":1,"column":37}},"1":{"start":{"line":2,"column":0},"end":{"line":2,"column":23}},"2":{"start":{"line":4,"column":13},"end":{"line":4,"column":37}},"3":{"start":{"line":6,"column":13},"end":{"line":6,"column":32}},"4":{"start":{"line":7,"column":17},"end":{"line":7,"column":30}},"5":{"start":{"line":9,"column":0},"end":{"line":9,"column":24}}},"fnMap":{},"branchMap":{"0":{"loc":{"start":{"line":4,"column":13},"end":{"line":4,"column":37}},"type":"binary-expr","locations":[{"start":{"line":4,"column":13},"end":{"line":4,"column":29}},{"start":{"line":4,"column":33},"end":{"line":4,"column":37}}]}},"s":{"0":13,"1":13,"2":13,"3":13,"4":13,"5":13},"f":{},"b":{"0":[13,0]}}
,"D:\\Projects\\nodejs-2026q1-knowledge-hub-o\\test\\utils\\getTokenAndUserId.ts": {"path":"D:\\Projects\\nodejs-2026q1-knowledge-hub-o\\test\\utils\\getTokenAndUserId.ts","statementMap":{"0":{"start":{"line":1,"column":0},"end":{"line":1,"column":42}},"1":{"start":{"line":3,"column":22},"end":{"line":6,"column":2}},"2":{"start":{"line":8,"column":26},"end":{"line":38,"column":1}},"3":{"start":{"line":12,"column":6},"end":{"line":15,"column":24}},"4":{"start":{"line":20,"column":6},"end":{"line":23,"column":24}},"5":{"start":{"line":25,"column":2},"end":{"line":27,"column":3}},"6":{"start":{"line":26,"column":4},"end":{"line":26,"column":56}},"7":{"start":{"line":29,"column":16},"end":{"line":29,"column":39}},"8":{"start":{"line":31,"column":2},"end":{"line":37,"column":4}},"9":{"start":{"line":40,"column":0},"end":{"line":40,"column":33}}},"fnMap":{"0":{"name":"(anonymous_0)","decl":{"start":{"line":8,"column":26},"end":{"line":8,"column":31}},"loc":{"start":{"line":8,"column":44},"end":{"line":38,"column":1}}}},"branchMap":{"0":{"loc":{"start":{"line":25,"column":2},"end":{"line":27,"column":3}},"type":"if","locations":[{"start":{"line":25,"column":2},"end":{"line":27,"column":3}}]},"1":{"loc":{"start":{"line":25,"column":6},"end":{"line":25,"column":59}},"type":"binary-expr","locations":[{"start":{"line":25,"column":6},"end":{"line":25,"column":30}},{"start":{"line":25,"column":34},"end":{"line":25,"column":59}}]}},"s":{"0":9,"1":9,"2":9,"3":0,"4":0,"5":0,"6":0,"7":0,"8":0,"9":9},"f":{"0":0},"b":{"0":[0],"1":[0,0]}}
,"D:\\Projects\\nodejs-2026q1-knowledge-hub-o\\test\\utils\\getUserTokenByRole.ts": {"path":"D:\\Projects\\nodejs-2026q1-knowledge-hub-o\\test\\utils\\getUserTokenByRole.ts","statementMap":{"0":{"start":{"line":1,"column":0},"end":{"line":1,"column":55}},"1":{"start":{"line":3,"column":27},"end":{"line":53,"column":1}},"2":{"start":{"line":8,"column":16},"end":{"line":8,"column":63}},"3":{"start":{"line":9,"column":19},"end":{"line":9,"column":33}},"4":{"start":{"line":12,"column":25},"end":{"line":15,"column":30}},"5":{"start":{"line":17,"column":25},"end":{"line":17,"column":44}},"6":{"start":{"line":19,"column":2},"end":{"line":21,"column":3}},"7":{"start":{"line":20,"column":4},"end":{"line":20,"column":53}},"8":{"start":{"line":24,"column":2},"end":{"line":33,"column":3}},"9":{"start":{"line":25,"column":31},"end":{"line":28,"column":21}},"10":{"start":{"line":30,"column":4},"end":{"line":32,"column":5}},"11":{"start":{"line":31,"column":6},"end":{"line":31,"column":71}},"12":{"start":{"line":36,"column":24},"end":{"line":39,"column":30}},"13":{"start":{"line":41,"column":26},"end":{"line":41,"column":44}},"14":{"start":{"line":43,"column":2},"end":{"line":45,"column":3}},"15":{"start":{"line":44,"column":4},"end":{"line":44,"column":55}},"16":{"start":{"line":47,"column":2},"end":{"line":52,"column":4}},"17":{"start":{"line":55,"column":0},"end":{"line":55,"column":34}}},"fnMap":{"0":{"name":"(anonymous_0)","decl":{"start":{"line":3,"column":27},"end":{"line":3,"column":32}},"loc":{"start":{"line":7,"column":4},"end":{"line":53,"column":1}}}},"branchMap":{"0":{"loc":{"start":{"line":19,"column":2},"end":{"line":21,"column":3}},"type":"if","locations":[{"start":{"line":19,"column":2},"end":{"line":21,"column":3}}]},"1":{"loc":{"start":{"line":24,"column":2},"end":{"line":33,"column":3}},"type":"if","locations":[{"start":{"line":24,"column":2},"end":{"line":33,"column":3}}]},"2":{"loc":{"start":{"line":30,"column":4},"end":{"line":32,"column":5}},"type":"if","locations":[{"start":{"line":30,"column":4},"end":{"line":32,"column":5}}]},"3":{"loc":{"start":{"line":43,"column":2},"end":{"line":45,"column":3}},"type":"if","locations":[{"start":{"line":43,"column":2},"end":{"line":45,"column":3}}]}},"s":{"0":9,"1":9,"2":0,"3":0,"4":0,"5":0,"6":0,"7":0,"8":0,"9":0,"10":0,"11":0,"12":0,"13":0,"14":0,"15":0,"16":0,"17":9},"f":{"0":0},"b":{"0":[0],"1":[0],"2":[0],"3":[0]}}
,"D:\\Projects\\nodejs-2026q1-knowledge-hub-o\\test\\utils\\index.ts": {"path":"D:\\Projects\\nodejs-2026q1-knowledge-hub-o\\test\\utils\\index.ts","statementMap":{"0":{"start":{"line":1,"column":0},"end":{"line":1,"column":7}},"1":{"start":{"line":8,"column":2},"end":{"line":1,"column":52}},"2":{"start":{"line":2,"column":0},"end":{"line":2,"column":7}},"3":{"start":{"line":9,"column":2},"end":{"line":2,"column":54}},"4":{"start":{"line":3,"column":0},"end":{"line":3,"column":7}},"5":{"start":{"line":11,"column":2},"end":{"line":3,"column":48}},"6":{"start":{"line":4,"column":0},"end":{"line":4,"column":7}},"7":{"start":{"line":10,"column":2},"end":{"line":4,"column":72}},"8":{"start":{"line":5,"column":0},"end":{"line":5,"column":7}},"9":{"start":{"line":12,"column":2},"end":{"line":5,"column":44}}},"fnMap":{},"branchMap":{},"s":{"0":9,"1":9,"2":9,"3":9,"4":9,"5":9,"6":9,"7":9,"8":9,"9":9},"f":{},"b":{}}
,"D:\\Projects\\nodejs-2026q1-knowledge-hub-o\\test\\utils\\removeTokenUser.ts": {"path":"D:\\Projects\\nodejs-2026q1-knowledge-hub-o\\test\\utils\\removeTokenUser.ts","statementMap":{"0":{"start":{"line":1,"column":0},"end":{"line":1,"column":43}},"1":{"start":{"line":3,"column":24},"end":{"line":6,"column":1}},"2":{"start":{"line":5,"column":2},"end":{"line":5,"column":70}},"3":{"start":{"line":8,"column":0},"end":{"line":8,"column":31}}},"fnMap":{"0":{"name":"(anonymous_0)","decl":{"start":{"line":3,"column":24},"end":{"line":3,"column":29}},"loc":{"start":{"line":3,"column":65},"end":{"line":6,"column":1}}}},"branchMap":{},"s":{"0":9,"1":9,"2":0,"3":9},"f":{"0":0},"b":{}}
,"D:\\Projects\\nodejs-2026q1-knowledge-hub-o\\test\\utils\\shouldAuthorizationBeTested.ts": {"path":"D:\\Projects\\nodejs-2026q1-knowledge-hub-o\\test\\utils\\shouldAuthorizationBeTested.ts","statementMap":{"0":{"start":{"line":1,"column":0},"end":{"line":1,"column":48}}},"fnMap":{},"branchMap":{},"s":{"0":9},"f":{},"b":{}}
,"D:\\Projects\\nodejs-2026q1-knowledge-hub-o\\test\\utils\\tokens.ts": {"path":"D:\\Projects\\nodejs-2026q1-knowledge-hub-o\\test\\utils\\tokens.ts","statementMap":{"0":{"start":{"line":1,"column":0},"end":{"line":1,"column":49}},"1":{"start":{"line":2,"column":0},"end":{"line":2,"column":23}},"2":{"start":{"line":4,"column":32},"end":{"line":4,"column":72}},"3":{"start":{"line":6,"column":29},"end":{"line":8,"column":1}},"4":{"start":{"line":7,"column":2},"end":{"line":7,"column":57}},"5":{"start":{"line":10,"column":0},"end":{"line":10,"column":36}}},"fnMap":{"0":{"name":"(anonymous_0)","decl":{"start":{"line":6,"column":29},"end":{"line":6,"column":30}},"loc":{"start":{"line":6,"column":76},"end":{"line":8,"column":1}}}},"branchMap":{"0":{"loc":{"start":{"line":4,"column":32},"end":{"line":4,"column":72}},"type":"binary-expr","locations":[{"start":{"line":4,"column":32},"end":{"line":4,"column":66}},{"start":{"line":4,"column":70},"end":{"line":4,"column":72}}]}},"s":{"0":9,"1":9,"2":9,"3":9,"4":0,"5":9},"f":{"0":0},"b":{"0":[9,0]}}
}
