TN:
SF:test\endpoints.ts
FN:3,(anonymous_0)
FN:5,(anonymous_1)
FN:6,(anonymous_2)
FN:11,(anonymous_3)
FN:13,(anonymous_4)
FN:14,(anonymous_5)
FN:19,(anonymous_6)
FN:21,(anonymous_7)
FN:22,(anonymous_8)
FN:26,(anonymous_9)
FN:27,(anonymous_10)
FN:29,(anonymous_11)
FNF:12
FNH:12
FNDA:3,(anonymous_0)
FNDA:4,(anonymous_1)
FNDA:3,(anonymous_2)
FNDA:3,(anonymous_3)
FNDA:3,(anonymous_4)
FNDA:3,(anonymous_5)
FNDA:3,(anonymous_6)
FNDA:3,(anonymous_7)
FNDA:3,(anonymous_8)
FNDA:1,(anonymous_9)
FNDA:1,(anonymous_10)
FNDA:1,(anonymous_11)
DA:1,13
DA:3,3
DA:5,4
DA:6,3
DA:9,13
DA:11,3
DA:13,3
DA:14,3
DA:17,13
DA:19,3
DA:21,3
DA:22,3
DA:25,13
DA:26,1
DA:27,1
DA:29,1
DA:32,13
LF:17
LH:17
BRF:0
BRH:0
end_of_record
TN:
SF:test\lib\index.ts
FNF:0
FNH:0
DA:1,8
DA:3,8
LF:2
LH:2
BRF:0
BRH:0
end_of_record
TN:
SF:test\lib\request.ts
FNF:0
FNH:0
DA:1,13
DA:2,13
DA:4,13
DA:6,13
DA:7,13
DA:9,13
LF:6
LH:6
BRDA:4,0,0,13
BRDA:4,0,1,0
BRF:2
BRH:1
end_of_record
TN:
SF:test\utils\getTokenAndUserId.ts
FN:8,(anonymous_0)
FNF:1
FNH:0
FNDA:0,(anonymous_0)
DA:1,9
DA:3,9
DA:8,9
DA:12,0
DA:20,0
DA:25,0
DA:26,0
DA:29,0
DA:31,0
DA:40,9
LF:10
LH:4
BRDA:25,0,0,0
BRDA:25,1,0,0
BRDA:25,1,1,0
BRF:3
BRH:0
end_of_record
TN:
SF:test\utils\getUserTokenByRole.ts
FN:3,(anonymous_0)
FNF:1
FNH:0
FNDA:0,(anonymous_0)
DA:1,9
DA:3,9
DA:8,0
DA:9,0
DA:12,0
DA:17,0
DA:19,0
DA:20,0
DA:24,0
DA:25,0
DA:30,0
DA:31,0
DA:36,0
DA:41,0
DA:43,0
DA:44,0
DA:47,0
DA:55,9
LF:18
LH:3
BRDA:19,0,0,0
BRDA:24,1,0,0
BRDA:30,2,0,0
BRDA:43,3,0,0
BRF:4
BRH:0
end_of_record
TN:
SF:test\utils\index.ts
FNF:0
FNH:0
DA:1,9
DA:2,9
DA:3,9
DA:4,9
DA:5,9
DA:8,9
DA:9,9
DA:10,9
DA:11,9
DA:12,9
LF:10
LH:10
BRF:0
BRH:0
end_of_record
TN:
SF:test\utils\removeTokenUser.ts
FN:3,(anonymous_0)
FNF:1
FNH:0
FNDA:0,(anonymous_0)
DA:1,9
DA:3,9
DA:5,0
DA:8,9
LF:4
LH:3
BRF:0
BRH:0
end_of_record
TN:
SF:test\utils\shouldAuthorizationBeTested.ts
FNF:0
FNH:0
DA:1,9
LF:1
LH:1
BRF:0
BRH:0
end_of_record
TN:
SF:test\utils\tokens.ts
FN:6,(anonymous_0)
FNF:1
FNH:0
FNDA:0,(anonymous_0)
DA:1,9
DA:2,9
DA:4,9
DA:6,9
DA:7,0
DA:10,9
LF:6
LH:5
BRDA:4,0,0,9
BRDA:4,0,1,0
BRF:2
BRH:1
end_of_record
